<?xml version="1.0" encoding="UTF-8"?>
<!-- Generated by org.testng.reporters.JUnitXMLReporter -->
<testsuite ignored="0" hostname="aximsoft-mohamedsulaiman" failures="0" tests="4" name="FormTests" time="119.172" errors="0" timestamp="2026-06-15T12:11:15 IST">
  <testcase classname="tests.FormTest" name="fillFormDirectMethod" time="7.902"/>
  <testcase classname="tests.FormTest" name="fillFormDirectMethod" time="14.82"/>
  <testcase classname="tests.FormTest" name="fillFormUsingCalendar" time="14.325"/>
  <testcase classname="tests.FormTest" name="fillFormUsingCalendar" time="23.15"/>
</testsuite> <!-- FormTests -->
