<?xml version="1.0" encoding="UTF-8"?>
<!-- Generated by org.testng.reporters.JUnitXMLReporter -->
<testsuite ignored="0" hostname="aximsoft-mohamedsulaiman" failures="0" tests="4" name="FormTests" time="73.275" errors="0" timestamp="2026-06-12T17:49:00 IST">
  <testcase classname="tests.FormTest" name="fillFormDirectMethod" time="22.438"/>
  <testcase classname="tests.FormTest" name="fillFormDirectMethod" time="9.396"/>
  <testcase classname="tests.FormTest" name="fillFormUsingCalendar" time="9.134"/>
  <testcase classname="tests.FormTest" name="fillFormUsingCalendar" time="8.13"/>
</testsuite> <!-- FormTests -->
