<?xml version="1.0" encoding="UTF-8"?>
<!-- Generated by org.testng.reporters.JUnitXMLReporter -->
<testsuite ignored="2" hostname="aximsoft-mohamedsulaiman" failures="0" tests="1" name="SmokeTest" time="10.405" errors="0" timestamp="2026-06-16T13:09:30 IST">
  <testcase classname="tests.FormTest" name="fillFormDirectMethod_smoke" time="4.488"/>
  <testcase classname="tests.FormTest" name="fillFormUsingCalendar" time="0.0">
    <ignored/>
  </testcase> <!-- fillFormUsingCalendar -->
  <testcase classname="tests.FormTest" name="fillFormDirectMethod" time="0.0">
    <ignored/>
  </testcase> <!-- fillFormDirectMethod -->
</testsuite> <!-- SmokeTest -->
