<?xml version="1.0" encoding="UTF-8"?>
<testng-results ignored="0" total="4" passed="4" failed="0" skipped="0">
  <reporter-output>
  </reporter-output>
  <suite started-at="2026-06-15T13:39:34 IST" name="FormAutomationSuite" finished-at="2026-06-15T13:40:53 IST" duration-ms="78609">
    <groups>
    </groups>
    <test started-at="2026-06-15T13:39:34 IST" name="FormTests" finished-at="2026-06-15T13:40:53 IST" duration-ms="78609">
      <class name="tests.FormTest">
        <test-method is-config="true" signature="setUp()[pri:0, instance:tests.FormTest@75d3a5e0]" started-at="2026-06-15T13:39:34 IST" name="setUp" finished-at="2026-06-15T13:39:43 IST" duration-ms="8489" status="PASS">
          <reporter-output>
          </reporter-output>
        </test-method> <!-- setUp -->
        <test-method signature="fillFormDirectMethod(utils.BookingData)[pri:0, instance:tests.FormTest@75d3a5e0]" started-at="2026-06-15T13:39:43 IST" name="fillFormDirectMethod" data-provider="bookingData" finished-at="2026-06-15T13:39:55 IST" duration-ms="11938" status="PASS">
          <params>
            <param index="0">
              <value>
                <![CDATA[utils.BookingData@27b71f50]]>
              </value>
            </param>
          </params>
          <reporter-output>
          </reporter-output>
        </test-method> <!-- fillFormDirectMethod -->
        <test-method is-config="true" signature="tearDown()[pri:0, instance:tests.FormTest@75d3a5e0]" started-at="2026-06-15T13:39:55 IST" name="tearDown" finished-at="2026-06-15T13:39:55 IST" duration-ms="108" status="PASS">
          <reporter-output>
          </reporter-output>
        </test-method> <!-- tearDown -->
        <test-method is-config="true" signature="setUp()[pri:0, instance:tests.FormTest@75d3a5e0]" started-at="2026-06-15T13:39:55 IST" name="setUp" finished-at="2026-06-15T13:40:12 IST" duration-ms="17134" status="PASS">
          <reporter-output>
          </reporter-output>
        </test-method> <!-- setUp -->
        <test-method signature="fillFormDirectMethod(utils.BookingData)[pri:0, instance:tests.FormTest@75d3a5e0]" started-at="2026-06-15T13:40:12 IST" name="fillFormDirectMethod" data-provider="bookingData" finished-at="2026-06-15T13:40:23 IST" duration-ms="10327" status="PASS">
          <params>
            <param index="0">
              <value>
                <![CDATA[utils.BookingData@55d9b8f0]]>
              </value>
            </param>
          </params>
          <reporter-output>
          </reporter-output>
        </test-method> <!-- fillFormDirectMethod -->
        <test-method is-config="true" signature="tearDown()[pri:0, instance:tests.FormTest@75d3a5e0]" started-at="2026-06-15T13:40:23 IST" name="tearDown" finished-at="2026-06-15T13:40:23 IST" duration-ms="119" status="PASS">
          <reporter-output>
          </reporter-output>
        </test-method> <!-- tearDown -->
        <test-method is-config="true" signature="setUp()[pri:0, instance:tests.FormTest@75d3a5e0]" started-at="2026-06-15T13:40:23 IST" name="setUp" finished-at="2026-06-15T13:40:30 IST" duration-ms="7175" status="PASS">
          <reporter-output>
          </reporter-output>
        </test-method> <!-- setUp -->
        <test-method signature="fillFormUsingCalendar(utils.BookingData)[pri:0, instance:tests.FormTest@75d3a5e0]" started-at="2026-06-15T13:40:30 IST" name="fillFormUsingCalendar" data-provider="bookingData" finished-at="2026-06-15T13:40:40 IST" duration-ms="9972" status="PASS">
          <params>
            <param index="0">
              <value>
                <![CDATA[utils.BookingData@6af5bbd0]]>
              </value>
            </param>
          </params>
          <reporter-output>
          </reporter-output>
        </test-method> <!-- fillFormUsingCalendar -->
        <test-method is-config="true" signature="tearDown()[pri:0, instance:tests.FormTest@75d3a5e0]" started-at="2026-06-15T13:40:40 IST" name="tearDown" finished-at="2026-06-15T13:40:40 IST" duration-ms="134" status="PASS">
          <reporter-output>
          </reporter-output>
        </test-method> <!-- tearDown -->
        <test-method is-config="true" signature="setUp()[pri:0, instance:tests.FormTest@75d3a5e0]" started-at="2026-06-15T13:40:40 IST" name="setUp" finished-at="2026-06-15T13:40:44 IST" duration-ms="3880" status="PASS">
          <reporter-output>
          </reporter-output>
        </test-method> <!-- setUp -->
        <test-method signature="fillFormUsingCalendar(utils.BookingData)[pri:0, instance:tests.FormTest@75d3a5e0]" started-at="2026-06-15T13:40:44 IST" name="fillFormUsingCalendar" data-provider="bookingData" finished-at="2026-06-15T13:40:53 IST" duration-ms="8836" status="PASS">
          <params>
            <param index="0">
              <value>
                <![CDATA[utils.BookingData@494c8f29]]>
              </value>
            </param>
          </params>
          <reporter-output>
          </reporter-output>
        </test-method> <!-- fillFormUsingCalendar -->
        <test-method is-config="true" signature="tearDown()[pri:0, instance:tests.FormTest@75d3a5e0]" started-at="2026-06-15T13:40:53 IST" name="tearDown" finished-at="2026-06-15T13:40:53 IST" duration-ms="108" status="PASS">
          <reporter-output>
          </reporter-output>
        </test-method> <!-- tearDown -->
      </class> <!-- tests.FormTest -->
    </test> <!-- FormTests -->
  </suite> <!-- FormAutomationSuite -->
</testng-results>
