<?xml version="1.0" encoding="UTF-8"?>
<!-- Generated by org.testng.reporters.JUnitXMLReporter -->
<testsuite ignored="0" hostname="aximsoft-mohamedsulaiman" failures="0" tests="5" name="RegressionTest" time="43.601" errors="0" timestamp="2026-06-15T18:44:34 IST">
  <testcase classname="tests.FormTest" name="fillFormDirectMethod" time="4.234"/>
  <testcase classname="tests.FormTest" name="fillFormDirectMethod" time="3.926"/>
  <testcase classname="tests.FormTest" name="fillFormDirectMethod_smoke" time="4.133"/>
  <testcase classname="tests.FormTest" name="fillFormUsingCalendar" time="6.732"/>
  <testcase classname="tests.FormTest" name="fillFormUsingCalendar" time="5.07"/>
</testsuite> <!-- RegressionTest -->
