<?xml version="1.0" encoding="UTF-8"?>
<!-- Generated by org.testng.reporters.JUnitReportReporter -->
<testsuite hostname="aximsoft-mohamedsulaiman" failures="0" tests="5" name="tests.FormTest" time="43.366" errors="0" timestamp="2026-06-15T18:44:34 IST" skipped="0">
  <testcase classname="tests.FormTest" name="fillFormUsingCalendar" time="11.658"/>
  <testcase classname="tests.FormTest" name="fillFormDirectMethod" time="7.802"/>
  <testcase classname="tests.FormTest" name="fillFormDirectMethod" time="6.971"/>
  <testcase classname="tests.FormTest" name="fillFormDirectMethod_smoke" time="8.348"/>
  <testcase classname="tests.FormTest" name="fillFormUsingCalendar" time="8.587"/>
</testsuite> <!-- tests.FormTest -->
