<?xml version="1.0" encoding="UTF-8"?>
<!-- Generated by org.testng.reporters.JUnitReportReporter -->
<testsuite hostname="aximsoft-mohamedsulaiman" failures="0" tests="4" name="tests.FormTest" time="118.957" errors="0" timestamp="2026-06-15T12:11:15 IST" skipped="0">
  <testcase classname="tests.FormTest" name="fillFormDirectMethod" time="19.572"/>
  <testcase classname="tests.FormTest" name="fillFormDirectMethod" time="26.523"/>
  <testcase classname="tests.FormTest" name="fillFormUsingCalendar" time="32.733"/>
  <testcase classname="tests.FormTest" name="fillFormUsingCalendar" time="40.129"/>
</testsuite> <!-- tests.FormTest -->
